20:57:10.010 INFO - Selenium build info: version: '3.0.1', revision: '1969d75'
20:57:10.010 INFO - Launching a standalone Selenium Server
2016-11-27 20:57:10.029:INFO::main: Logging initialized @245ms
20:57:10.082 INFO - Driver provider org.openqa.selenium.ie.InternetExplorerDriver registration is skipped:
 registration capabilities Capabilities [{ensureCleanSession=true, browserName=internet explorer, version=, platform=WINDOWS}] does not match the current platform MAC
20:57:10.083 INFO - Driver provider org.openqa.selenium.edge.EdgeDriver registration is skipped:
 registration capabilities Capabilities [{browserName=MicrosoftEdge, version=, platform=WINDOWS}] does not match the current platform MAC
20:57:10.083 INFO - Driver class not found: com.opera.core.systems.OperaDriver
20:57:10.083 INFO - Driver provider com.opera.core.systems.OperaDriver registration is skipped:
Unable to create new instances on this machine.
20:57:10.083 INFO - Driver class not found: com.opera.core.systems.OperaDriver
20:57:10.083 INFO - Driver provider com.opera.core.systems.OperaDriver is not registered
2016-11-27 20:57:10.120:INFO:osjs.Server:main: jetty-9.2.15.v20160210
2016-11-27 20:57:10.144:INFO:osjsh.ContextHandler:main: Started o.s.j.s.ServletContextHandler@1593948d{/,null,AVAILABLE}
2016-11-27 20:57:10.171:INFO:osjs.ServerConnector:main: Started ServerConnector@3ffc5af1{HTTP/1.1}{0.0.0.0:4444}
2016-11-27 20:57:10.172:INFO:osjs.Server:main: Started @389ms
20:57:10.172 INFO - Selenium Server is up and running
20:57:10.477 INFO - SessionCleaner initialized with insideBrowserTimeout 0 and clientGoneTimeout 1800000 polling every 180000
20:57:10.505 INFO - Executing: [new session: Capabilities [{acceptSslCerts=true, name=Test, browserName=chrome, javascriptEnabled=true, platform=ANY}]])
20:57:10.520 INFO - Creating a new session for Capabilities [{acceptSslCerts=true, name=Test, browserName=chrome, javascriptEnabled=true, platform=ANY}]
Starting ChromeDriver 2.25.426935 (820a95b0b81d33e42712f9198c215f703412e1a1) on port 30535
Only local connections are allowed.
20:57:10.780 INFO - Attempting bi-dialect session, assuming Postel's Law holds true on the remote end
20:57:11.449 INFO - Detected dialect: OSS
20:57:11.463 INFO - Done: [new session: Capabilities [{acceptSslCerts=true, name=Test, browserName=chrome, javascriptEnabled=true, platform=ANY}]]
20:57:11.484 INFO - Executing: [get: http://localhost:8080])
20:57:11.941 INFO - Done: [get: http://localhost:8080]
20:57:11.950 INFO - Executing: [find elements: By.cssSelector: #table2])
20:57:11.977 INFO - Done: [find elements: By.cssSelector: #table2]
20:57:11.981 INFO - Executing: [is displayed: 0 [[ChromeDriver: chrome on MAC (f3db931fca55328a9cd47c3abb7ef839)] -> css selector: #table2]])
20:57:11.996 INFO - Done: [is displayed: 0 [[ChromeDriver: chrome on MAC (f3db931fca55328a9cd47c3abb7ef839)] -> css selector: #table2]]
20:57:12.001 INFO - Executing: [find element: By.cssSelector: ul.sindu_sortable_table > li:nth-child(1)])
20:57:12.015 INFO - Done: [find element: By.cssSelector: ul.sindu_sortable_table > li:nth-child(1)]
20:57:12.020 INFO - Executing: [mousemove: 1 true])
20:57:12.033 INFO - Done: [mousemove: 1 true]
20:57:12.037 INFO - Executing: [mousedown: no args])
20:57:12.048 INFO - Done: [mousedown: no args]
20:57:12.051 INFO - Executing: [find element: By.cssSelector: ul.sindu_sortable_table > li:nth-child(3)])
20:57:12.065 INFO - Done: [find element: By.cssSelector: ul.sindu_sortable_table > li:nth-child(3)]
20:57:12.068 INFO - Executing: [mousemove: 2 true])
20:57:12.082 INFO - Done: [mousemove: 2 true]
20:57:12.087 INFO - Executing: [mouseup: nothing])
20:57:12.093 INFO - Done: [mouseup: nothing]
20:57:17.114 INFO - Executing: [delete session: 2ea4a724-2e6e-43a4-85a3-d165d0045466])
20:57:17.190 INFO - Done: [delete session: 2ea4a724-2e6e-43a4-85a3-d165d0045466]
